   PC : 0000000000000010 
   ZR : 0000000000000000 
PSTATE : 0000000000000000 
   SP : 0000000000000000 
X0: 0000000000000000 
X1: 0000000000000000 
X2: 0000000000000000 
X3: 0000000000000000 
X4: 0000000000000000 
X5: 0000000000000000 
X6: 0000000000000000 
X7: 0000000000000000 
X8: 0000000000000000 
X9: 0000000000000000 
X10: 0000000000000000 
X11: 0000000000000000 
X12: 0000000000000000 
X13: 0000000000000000 
X14: 0000000000000000 
X15: 0000000000000000 
X16: 0000000000000000 
X17: 0000000000000000 
X18: 0000000000000000 
X19: 0000000000000000 
X20: 0000000000000000 
X21: 0000000000000000 
X22: 0000000000000000 
X23: 0000000000000000 
X24: 0000000000000000 
X25: 0000000000000000 
X26: 0000000000000000 
X27: 0000000000000000 
X28: 0000000000000000 
X29: 0000000000000000 
X30: 0000000000000000 
X31: 0000000000000000 
0x00000000 : 0x14000002
0x00000004 : 0x91003000
0x00000008 : 0x91000400
0x0000000c : 0x8a000000
